# JRE version: OpenJDK Runtime Environment Temurin-21.0.9+10 (21.0.9+10) (build 21.0.9+10-LTS)
# Java VM: OpenJDK 64-Bit Server VM Temurin-21.0.9+10 (21.0.9+10-LTS, mixed mode, emulated-client, sharing, tiered, compressed oops, compressed class ptrs, g1 gc, windows-amd64)
GC Precious Log:
 CardTable entry size: 512
 Card Set container configuration: InlinePtr #cards 5 size 8 Array Of Cards #cards 12 size 40 Howl #buckets 4 coarsen threshold 1843 Howl Bitmap #cards 512 size 80 coarsen threshold 460 Card regions per heap region 1 cards per card region 2048
 CPUs: 4 total, 4 available
 Memory: 7971M
 Large Page Support: Disabled
 NUMA Support: Disabled
 Compressed Oops: Enabled (32-bit)
 Heap Region Size: 1M
 Heap Min Capacity: 8M
 Heap Initial Capacity: 126M
 Heap Max Capacity: 1994M
 Pre-touch: Disabled
 Parallel Workers: 4
 Concurrent Workers: 1
 Concurrent Refinement Workers: 4
 Periodic GC: Disabled
Heap:
 garbage-first heap   total 109568K, used 78579K [0x0000000083600000, 0x0000000100000000)
  region size 1024K, 42 young (43008K), 5 survivors (5120K)
 Metaspace       used 92869K, committed 94016K, reserved 1179648K
  class space    used 12804K, committed 13376K, reserved 1048576K
GC Heap History (20 events):
Event: 10821.066 GC heap after
{Heap after GC invocations=174 (full 25):
 garbage-first heap   total 107520K, used 39386K [0x0000000083600000, 0x0000000100000000)
  region size 1024K, 2 young (2048K), 2 survivors (2048K)
 Metaspace       used 91678K, committed 94016K, reserved 1179648K
  class space    used 12659K, committed 13376K, reserved 1048576K
}
Event: 11024.642 GC heap before
{Heap before GC invocations=174 (full 25):
 garbage-first heap   total 107520K, used 98778K [0x0000000083600000, 0x0000000100000000)
  region size 1024K, 60 young (61440K), 2 survivors (2048K)
 Metaspace       used 91678K, committed 94016K, reserved 1179648K
  class space    used 12659K, committed 13376K, reserved 1048576K
}
Event: 11024.657 GC heap after
{Heap after GC invocations=175 (full 25):
 garbage-first heap   total 107520K, used 39436K [0x0000000083600000, 0x0000000100000000)
  region size 1024K, 2 young (2048K), 2 survivors (2048K)
 Metaspace       used 91678K, committed 94016K, reserved 1179648K
  class space    used 12659K, committed 13376K, reserved 1048576K
}
Event: 11229.905 GC heap before
{Heap before GC invocations=176 (full 25):
 garbage-first heap   total 107520K, used 98828K [0x0000000083600000, 0x0000000100000000)
  region size 1024K, 61 young (62464K), 2 survivors (2048K)
 Metaspace       used 91688K, committed 94016K, reserved 1179648K
  class space    used 12660K, committed 13376K, reserved 1048576K
}
Event: 11229.920 GC heap after
{Heap after GC invocations=177 (full 25):
 garbage-first heap   total 107520K, used 39400K [0x0000000083600000, 0x0000000100000000)
  region size 1024K, 2 young (2048K), 2 survivors (2048K)
 Metaspace       used 91688K, committed 94016K, reserved 1179648K
  class space    used 12660K, committed 13376K, reserved 1048576K
}
Event: 11278.866 GC heap before
{Heap before GC invocations=177 (full 25):
 garbage-first heap   total 107520K, used 55784K [0x0000000083600000, 0x0000000100000000)
  region size 1024K, 19 young (19456K), 2 survivors (2048K)
 Metaspace       used 91741K, committed 94016K, reserved 1179648K
  class space    used 12671K, committed 13376K, reserved 1048576K
}
Event: 11279.096 GC heap after
{Heap after GC invocations=178 (full 26):
 garbage-first heap   total 107520K, used 31353K [0x0000000083600000, 0x0000000100000000)
  region size 1024K, 0 young (0K), 0 survivors (0K)
 Metaspace       used 91628K, committed 94016K, reserved 1179648K
  class space    used 12643K, committed 13376K, reserved 1048576K
}
Event: 11281.655 GC heap before
{Heap before GC invocations=178 (full 26):
 garbage-first heap   total 107520K, used 94841K [0x0000000083600000, 0x0000000100000000)
  region size 1024K, 63 young (64512K), 0 survivors (0K)
 Metaspace       used 91972K, committed 94016K, reserved 1179648K
  class space    used 12701K, committed 13376K, reserved 1048576K
}
Event: 11281.673 GC heap after
{Heap after GC invocations=179 (full 26):
 garbage-first heap   total 107520K, used 38241K [0x0000000083600000, 0x0000000100000000)
  region size 1024K, 7 young (7168K), 7 survivors (7168K)
 Metaspace       used 91972K, committed 94016K, reserved 1179648K
  class space    used 12701K, committed 13376K, reserved 1048576K
}
Event: 11282.384 GC heap before
{Heap before GC invocations=180 (full 26):
 garbage-first heap   total 107520K, used 95556K [0x0000000083600000, 0x0000000100000000)
  region size 1024K, 63 young (64512K), 7 survivors (7168K)
 Metaspace       used 92731K, committed 94016K, reserved 1179648K
  class space    used 12769K, committed 13376K, reserved 1048576K
}
Event: 11282.398 GC heap after
{Heap after GC invocations=181 (full 26):
 garbage-first heap   total 108544K, used 42279K [0x0000000083600000, 0x0000000100000000)
  region size 1024K, 5 young (5120K), 5 survivors (5120K)
 Metaspace       used 92731K, committed 94016K, reserved 1179648K
  class space    used 12769K, committed 13376K, reserved 1048576K
}
Event: 11349.864 GC heap before
{Heap before GC invocations=181 (full 26):
 garbage-first heap   total 108544K, used 97575K [0x0000000083600000, 0x0000000100000000)
  region size 1024K, 59 young (60416K), 5 survivors (5120K)
 Metaspace       used 92866K, committed 94016K, reserved 1179648K
  class space    used 12804K, committed 13376K, reserved 1048576K
}
Event: 11349.877 GC heap after
{Heap after GC invocations=182 (full 26):
 garbage-first heap   total 108544K, used 45055K [0x0000000083600000, 0x0000000100000000)
  region size 1024K, 7 young (7168K), 7 survivors (7168K)
 Metaspace       used 92866K, committed 94016K, reserved 1179648K
  class space    used 12804K, committed 13376K, reserved 1048576K
}
Event: 11406.056 GC heap before
{Heap before GC invocations=182 (full 26):
 garbage-first heap   total 108544K, used 62463K [0x0000000083600000, 0x0000000100000000)
  region size 1024K, 25 young (25600K), 7 survivors (7168K)
 Metaspace       used 92879K, committed 94016K, reserved 1179648K
  class space    used 12806K, committed 13376K, reserved 1048576K
}
Event: 11406.299 GC heap after
{Heap after GC invocations=183 (full 27):
 garbage-first heap   total 108544K, used 30123K [0x0000000083600000, 0x0000000100000000)
  region size 1024K, 0 young (0K), 0 survivors (0K)
 Metaspace       used 91616K, committed 93824K, reserved 1179648K
  class space    used 12640K, committed 13376K, reserved 1048576K
}
Event: 11408.827 GC heap before
{Heap before GC invocations=183 (full 27):
 garbage-first heap   total 108544K, used 93611K [0x0000000083600000, 0x0000000100000000)
  region size 1024K, 63 young (64512K), 0 survivors (0K)
 Metaspace       used 91972K, committed 93824K, reserved 1179648K
  class space    used 12701K, committed 13376K, reserved 1048576K
}
Event: 11408.842 GC heap after
{Heap after GC invocations=184 (full 27):
 garbage-first heap   total 108544K, used 37116K [0x0000000083600000, 0x0000000100000000)
  region size 1024K, 7 young (7168K), 7 survivors (7168K)
 Metaspace       used 91972K, committed 93824K, reserved 1179648K
  class space    used 12701K, committed 13376K, reserved 1048576K
}
Event: 11409.655 GC heap before
{Heap before GC invocations=185 (full 27):
 garbage-first heap   total 108544K, used 93436K [0x0000000083600000, 0x0000000100000000)
  region size 1024K, 63 young (64512K), 7 survivors (7168K)
 Metaspace       used 92730K, committed 93952K, reserved 1179648K
  class space    used 12769K, committed 13376K, reserved 1048576K
}
Event: 11409.675 GC heap after
{Heap after GC invocations=186 (full 27):
 garbage-first heap   total 109568K, used 41715K [0x0000000083600000, 0x0000000100000000)
  region size 1024K, 5 young (5120K), 5 survivors (5120K)
 Metaspace       used 92730K, committed 93952K, reserved 1179648K
  class space    used 12769K, committed 13376K, reserved 1048576K
}
Event: 11416.659 GC heap before
{Heap before GC invocations=186 (full 27):
 garbage-first heap   total 109568K, used 78579K [0x0000000083600000, 0x0000000100000000)
  region size 1024K, 42 young (43008K), 5 survivors (5120K)
 Metaspace       used 92869K, committed 94016K, reserved 1179648K
  class space    used 12804K, committed 13376K, reserved 1048576K
}

